\BOOKMARK [1][-]{section.1}{\376\377\000I\000n\000t\000r\000o\000d\000u\000c\000t\000i\000o\000n}{}% 1
\BOOKMARK [1][-]{section.2}{\376\377\000A\000n\000a\000l\000y\000s\000e\000\040\000d\000u\000\040\000c\000o\000d\000e\000\040\000D\000D\000L}{}% 2
\BOOKMARK [2][-]{subsection.2.1}{\376\377\000C\000l\000a\000s\000s\000e\000\040\000d\000'\000i\000n\000t\000\351\000r\000\352\000t}{section.2}% 3
\BOOKMARK [2][-]{subsection.2.2}{\376\377\000D\000a\000t\000a\000b\000a\000s\000e\000B\000a\000c\000k\000e\000n\000d}{section.2}% 4
\BOOKMARK [3][-]{subsubsection.2.2.1}{\376\377\000C\000o\000n\000t\000a\000c\000t}{subsection.2.2}% 5
\BOOKMARK [3][-]{subsubsection.2.2.2}{\376\377\000A\000c\000c\000o\000u\000n\000t}{subsection.2.2}% 6
\BOOKMARK [3][-]{subsubsection.2.2.3}{\376\377\000C\000o\000n\000v\000e\000r\000s\000a\000t\000i\000o\000n}{subsection.2.2}% 7
\BOOKMARK [3][-]{subsubsection.2.2.4}{\376\377\000M\000e\000s\000s\000a\000g\000e}{subsection.2.2}% 8
\BOOKMARK [3][-]{subsubsection.2.2.5}{\376\377\000I\000d\000e\000n\000t\000i\000t\000y}{subsection.2.2}% 9
\BOOKMARK [3][-]{subsubsection.2.2.6}{\376\377\000S\000e\000s\000s\000i\000o\000n}{subsection.2.2}% 10
\BOOKMARK [3][-]{subsubsection.2.2.7}{\376\377\000P\000r\000e\000k\000e\000y}{subsection.2.2}% 11
\BOOKMARK [3][-]{subsubsection.2.2.8}{\376\377\000S\000i\000g\000n\000e\000d\000\040\000P\000r\000e\000k\000e\000y}{subsection.2.2}% 12
\BOOKMARK [3][-]{subsubsection.2.2.9}{\376\377\000R\000e\000s\000o\000l\000v\000e\000r\000\040\000R\000e\000s\000u\000l\000t}{subsection.2.2}% 13
\BOOKMARK [3][-]{subsubsection.2.2.10}{\376\377\000D\000i\000s\000c\000o\000v\000e\000r\000y\000\040\000R\000e\000s\000u\000l\000t}{subsection.2.2}% 14
\BOOKMARK [3][-]{subsubsection.2.2.11}{\376\377\000P\000r\000e\000s\000e\000n\000c\000e\000\040\000T\000e\000m\000p\000l\000a\000t\000e}{subsection.2.2}% 15
\BOOKMARK [2][-]{subsection.2.3}{\376\377\000U\000n\000i\000f\000i\000e\000d\000P\000u\000s\000h\000D\000a\000t\000a\000b\000a\000s\000e}{section.2}% 16
\BOOKMARK [3][-]{subsubsection.2.3.1}{\376\377\000P\000u\000s\000h}{subsection.2.3}% 17
\BOOKMARK [2][-]{subsection.2.4}{\376\377\000R\000\351\000s\000u\000l\000t\000a\000t\000s}{section.2}% 18
\BOOKMARK [3][-]{subsubsection.2.4.1}{\376\377\000I\000n\000f\000\351\000r\000e\000n\000c\000e\000\040\000d\000e\000s\000\040\000C\000l\000\351\000s\000\040\000\311\000t\000r\000a\000n\000g\000\350\000r\000e\000s\000\040\000E\000x\000p\000l\000i\000c\000i\000t\000e\000s}{subsection.2.4}% 19
\BOOKMARK [3][-]{subsubsection.2.4.2}{\376\377\000D\000\351\000c\000o\000u\000v\000e\000r\000t\000e\000\040\000d\000e\000\040\000C\000l\000\351\000s\000\040\000\311\000t\000r\000a\000n\000g\000\350\000r\000e\000s\000\040\000I\000m\000p\000l\000i\000c\000i\000t\000e\000s\000\040\000A\000d\000d\000i\000t\000i\000o\000n\000n\000e\000l\000l\000e\000s}{subsection.2.4}% 20
\BOOKMARK [1][-]{section.3}{\376\377\000\311\000t\000a\000p\000e\000\040\0003\000\040\000:\000\040\000A\000n\000a\000l\000y\000s\000e\000\040\000\253\000\040\000W\000h\000a\000t\000-\000I\000f\000\040\000\273\000\040\000e\000t\000\040\000S\000c\000\351\000n\000a\000r\000i\000o\000s\000\040\000d\000'\000\311\000v\000o\000l\000u\000t\000i\000o\000n}{}% 21
\BOOKMARK [1][-]{section.4}{\376\377\000\311\000t\000a\000p\000e\000\040\0004\000\040\000:\000\040\000Q\000u\000a\000l\000i\000t\000\351\000\040\000d\000e\000\040\000l\000a\000\040\000b\000a\000s\000e\000\040\000d\000e\000\040\000d\000o\000n\000n\000\351\000e\000s}{}% 22
